2020-08-03 12:13:46,426 [Thread-1:123145548763136] [django.request:228] [ERROR]- Internal Server Error: /backend/user/
Traceback (most recent call last):
  File "/Users/zaihui-105/first_class/lib/python3.7/site-packages/django/core/handlers/exception.py", line 34, in inner
    response = get_response(request)
  File "/Users/zaihui-105/first_class/lib/python3.7/site-packages/django/utils/deprecation.py", line 96, in __call__
    response = self.process_response(request, response)
TypeError: process_response() takes 2 positional arguments but 3 were given
2020-08-05 03:55:59,958 [Thread-1:123145421783040] [django.request:228] [WARNING]- Not Found: /
2020-08-05 03:56:00,055 [Thread-1:123145421783040] [django.request:228] [WARNING]- Not Found: /favicon.ico
2020-08-07 03:04:11,383 [Thread-3:123145491771392] [django.request:228] [WARNING]- Not Found: /
2020-08-07 03:04:11,564 [Thread-3:123145491771392] [django.request:228] [WARNING]- Not Found: /favicon.ico
2020-08-07 03:05:19,802 [Thread-5:123145502281728] [django.request:228] [WARNING]- Not Found: /
2020-08-07 03:05:19,875 [Thread-5:123145502281728] [django.request:228] [WARNING]- Not Found: /favicon.ico
2020-08-07 10:50:37,481 [Thread-57:123145491771392] [django.request:228] [WARNING]- Not Found: /backend/service/undefined
2020-08-07 10:50:40,654 [Thread-57:123145491771392] [django.request:228] [WARNING]- Not Found: /backend/service/undefined
2020-08-07 10:50:43,702 [Thread-57:123145491771392] [django.request:228] [WARNING]- Not Found: /backend/service/undefined
2020-08-10 03:28:48,574 [Thread-76:123145486516224] [django.request:228] [WARNING]- Not Found: /CLodopfuncs.js
2020-08-10 03:28:48,575 [Thread-75:123145481261056] [django.request:228] [WARNING]- Not Found: /CLodopfuncs.js
2020-08-10 03:35:46,867 [Thread-78:123145486516224] [django.request:228] [WARNING]- Not Found: /CLodopfuncs.js
2020-08-10 03:35:46,868 [Thread-77:123145481261056] [django.request:228] [WARNING]- Not Found: /CLodopfuncs.js
2020-08-10 08:04:45,251 [Thread-8:123145326276608] [django.request:228] [WARNING]- Not Found: /backend/service/test1-1
2020-08-10 08:05:25,007 [Thread-8:123145326276608] [django.request:228] [WARNING]- Not Found: /backend/service/test1-1
2020-08-11 06:20:21,169 [Thread-5:123145537601536] [django.request:228] [WARNING]- Not Found: /CLodopfuncs.js
2020-08-11 06:20:21,170 [Thread-6:123145542856704] [django.request:228] [WARNING]- Not Found: /CLodopfuncs.js
2020-08-11 08:32:07,054 [Thread-2:123145470787584] [django.request:228] [WARNING]- Not Found: /CLodopfuncs.js
2020-08-11 08:32:07,055 [Thread-1:123145465532416] [django.request:228] [WARNING]- Not Found: /CLodopfuncs.js
2020-08-11 08:35:22,025 [Thread-1:123145465532416] [django.request:228] [WARNING]- Not Found: /CLodopfuncs.js
2020-08-11 08:35:22,026 [Thread-2:123145470787584] [django.request:228] [WARNING]- Not Found: /CLodopfuncs.js
2020-08-11 09:56:49,827 [Thread-1:123145364602880] [django.request:228] [WARNING]- Not Found: /CLodopfuncs.js
2020-08-11 09:56:49,828 [Thread-2:123145369858048] [django.request:228] [WARNING]- Not Found: /CLodopfuncs.js
2020-08-11 09:59:11,609 [Thread-2:123145369858048] [django.request:228] [WARNING]- Not Found: /CLodopfuncs.js
2020-08-11 09:59:11,611 [Thread-1:123145364602880] [django.request:228] [WARNING]- Not Found: /CLodopfuncs.js
2020-08-11 10:01:55,637 [Thread-1:123145364602880] [django.request:228] [WARNING]- Not Found: /CLodopfuncs.js
2020-08-11 10:01:55,638 [Thread-2:123145369858048] [django.request:228] [WARNING]- Not Found: /CLodopfuncs.js
2020-08-11 10:08:56,927 [Thread-8:123145369858048] [django.request:228] [WARNING]- Not Found: /CLodopfuncs.js
2020-08-11 10:08:56,928 [Thread-7:123145364602880] [django.request:228] [WARNING]- Not Found: /CLodopfuncs.js
2020-08-11 10:30:38,458 [Thread-9:123145364602880] [django.request:228] [WARNING]- Not Found: /CLodopfuncs.js
2020-08-11 10:30:38,460 [Thread-10:123145369858048] [django.request:228] [WARNING]- Not Found: /CLodopfuncs.js
2020-08-11 10:38:27,473 [Thread-11:123145364602880] [django.request:228] [WARNING]- Not Found: /CLodopfuncs.js
2020-08-11 10:38:27,475 [Thread-12:123145369858048] [django.request:228] [WARNING]- Not Found: /CLodopfuncs.js
2020-08-12 03:08:47,840 [Thread-5:123145492156416] [django.request:228] [WARNING]- Not Found: /CLodopfuncs.js
2020-08-12 03:08:47,841 [Thread-6:123145497411584] [django.request:228] [WARNING]- Not Found: /CLodopfuncs.js
2020-08-12 06:25:41,554 [Thread-1:123145429495808] [django.request:228] [WARNING]- Not Found: /CLodopfuncs.js
2020-08-12 06:25:41,556 [Thread-2:123145434750976] [django.request:228] [WARNING]- Not Found: /CLodopfuncs.js
2020-08-14 08:20:35,573 [Thread-2:123145411182592] [django.request:228] [WARNING]- Not Found: /backend/interface/NaN
2020-08-14 08:20:42,981 [Thread-2:123145411182592] [django.request:228] [WARNING]- Not Found: /backend/interface/NaN
2020-08-14 08:32:42,782 [Thread-4:123145411182592] [django.request:228] [WARNING]- Not Found: /backend/interface/NaN
2020-08-14 08:33:02,712 [Thread-4:123145411182592] [django.request:228] [WARNING]- Not Found: /backend/interface/NaN
2020-08-14 08:33:08,129 [Thread-4:123145411182592] [django.request:228] [WARNING]- Not Found: /backend/interface/NaN
2020-08-14 08:34:01,387 [Thread-4:123145411182592] [django.request:228] [WARNING]- Not Found: /backend/interface/NaN
2020-08-14 08:34:28,680 [Thread-4:123145411182592] [django.request:228] [WARNING]- Not Found: /backend/interface/NaN
2020-08-14 08:37:42,215 [Thread-4:123145411182592] [django.request:228] [WARNING]- Not Found: /backend/interface/NaN
2020-08-14 08:42:36,523 [Thread-4:123145411182592] [django.request:228] [WARNING]- Not Found: /backend/interface/NaN
2020-08-14 08:43:23,773 [Thread-4:123145411182592] [django.request:228] [WARNING]- Not Found: /backend/interface/NaN
2020-08-14 08:43:35,369 [Thread-4:123145411182592] [django.request:228] [WARNING]- Not Found: /backend/interface/NaN
2020-08-14 08:43:49,261 [Thread-4:123145411182592] [django.request:228] [WARNING]- Not Found: /backend/interface/NaN
2020-08-14 08:46:33,392 [Thread-4:123145411182592] [django.request:228] [WARNING]- Not Found: /backend/interface/NaN
2020-08-14 08:49:07,031 [Thread-4:123145411182592] [django.request:228] [WARNING]- Not Found: /backend/interface/NaN
2020-08-14 08:49:11,314 [Thread-4:123145411182592] [django.request:228] [WARNING]- Not Found: /backend/interface/NaN
2020-08-14 08:56:48,067 [Thread-4:123145411182592] [django.request:228] [WARNING]- Not Found: /backend/interface/NaN
2020-08-14 08:56:53,370 [Thread-4:123145411182592] [django.request:228] [WARNING]- Not Found: /backend/interface/NaN
2020-08-15 12:21:08,872 [Thread-1:123145432666112] [django.request:228] [WARNING]- Not Found: /backend/interface/NaN
2020-08-15 12:28:58,088 [Thread-2:123145432666112] [django.request:228] [WARNING]- Not Found: /backend/interface/NaN
2020-08-17 03:37:43,935 [Thread-14:123145437921280] [django.request:228] [WARNING]- Not Found: /backend/interface/undefinedinterfaces
2020-08-17 03:37:43,964 [Thread-14:123145437921280] [django.request:228] [WARNING]- Not Found: /backend/interface/undefinedinterfaces
2020-08-17 03:46:20,279 [Thread-16:123145437921280] [django.request:228] [WARNING]- Not Found: /backend/interface/undefinedinterfaces
2020-08-17 03:46:20,299 [Thread-16:123145437921280] [django.request:228] [WARNING]- Not Found: /backend/interface/undefinedinterfaces
2020-08-17 03:46:34,540 [Thread-16:123145437921280] [django.request:228] [WARNING]- Not Found: /backend/interface/undefinedinterfaces
2020-08-17 04:02:01,483 [Thread-18:123145437921280] [django.request:228] [WARNING]- Not Found: /backend/interface/undefinedinterfaces
2020-08-17 04:02:01,536 [Thread-18:123145437921280] [django.request:228] [WARNING]- Not Found: /backend/interface/undefinedinterfaces
2020-08-17 04:03:59,834 [Thread-18:123145437921280] [django.request:228] [WARNING]- Not Found: /backend/interface/undefinedinterfaces
2020-08-17 04:19:07,124 [Thread-23:123145432666112] [django.request:228] [WARNING]- Not Found: /backend/interface/34interfaces
2020-08-17 04:19:08,110 [Thread-23:123145432666112] [django.request:228] [WARNING]- Not Found: /backend/interface/36interfaces
2020-08-17 04:23:20,322 [Thread-24:123145437921280] [django.request:228] [WARNING]- Not Found: /backend/service/35interfaces
2020-08-17 04:23:20,887 [Thread-24:123145437921280] [django.request:228] [WARNING]- Not Found: /backend/service/36interfaces
2020-08-18 03:08:12,176 [Thread-6:123145496895488] [django.request:228] [WARNING]- Not Found: /CLodopfuncs.js
2020-08-18 03:08:12,177 [Thread-5:123145491640320] [django.request:228] [WARNING]- Not Found: /CLodopfuncs.js
2020-08-20 10:45:18,449 [Thread-1:123145546493952] [django.request:228] [WARNING]- Not Found: /
2020-08-20 10:45:18,548 [Thread-1:123145546493952] [django.request:228] [WARNING]- Not Found: /favicon.ico
2020-08-20 11:44:24,075 [Thread-9:123145551749120] [django.request:228] [WARNING]- Not Found: /CLodopfuncs.js
2020-08-20 11:44:24,076 [Thread-8:123145546493952] [django.request:228] [WARNING]- Not Found: /CLodopfuncs.js
2020-08-20 14:41:20,545 [Thread-21:123145562259456] [django.request:228] [WARNING]- Not Found: /backend/task/undefined
2020-08-20 15:26:56,472 [Thread-27:123145562259456] [django.request:228] [WARNING]- Not Found: /backend/task/-1
2020-08-21 11:41:52,757 [Thread-9:123145332641792] [django.request:228] [WARNING]- Not Found: /CLodopfuncs.js
2020-08-21 11:41:52,758 [Thread-10:123145337896960] [django.request:228] [WARNING]- Not Found: /CLodopfuncs.js
2020-08-21 13:42:30,287 [Thread-11:123145332641792] [django.request:228] [WARNING]- Not Found: /CLodopfuncs.js
2020-08-21 13:42:30,289 [Thread-12:123145337896960] [django.request:228] [WARNING]- Not Found: /CLodopfuncs.js
2020-08-21 13:45:42,090 [Thread-12:123145337896960] [django.request:228] [WARNING]- Not Found: /CLodopfuncs.js
2020-08-21 13:45:42,091 [Thread-11:123145332641792] [django.request:228] [WARNING]- Not Found: /CLodopfuncs.js
2020-08-21 14:45:47,573 [Thread-13:123145332641792] [django.request:228] [WARNING]- Not Found: /CLodopfuncs.js
2020-08-21 14:45:47,574 [Thread-14:123145337896960] [django.request:228] [WARNING]- Not Found: /CLodopfuncs.js
2020-08-21 15:03:07,055 [Thread-15:123145332641792] [django.request:228] [WARNING]- Not Found: /CLodopfuncs.js
2020-08-21 15:03:07,056 [Thread-16:123145337896960] [django.request:228] [WARNING]- Not Found: /CLodopfuncs.js
2020-08-21 18:34:51,362 [Thread-18:123145337896960] [django.request:228] [WARNING]- Not Found: /CLodopfuncs.js
2020-08-21 18:34:51,364 [Thread-17:123145332641792] [django.request:228] [WARNING]- Not Found: /CLodopfuncs.js
2020-08-24 11:47:04,560 [Thread-30:123145337896960] [django.request:228] [WARNING]- Not Found: /CLodopfuncs.js
2020-08-24 11:47:04,561 [Thread-29:123145332641792] [django.request:228] [WARNING]- Not Found: /CLodopfuncs.js
2020-08-24 13:53:42,314 [Thread-32:123145337896960] [django.request:228] [WARNING]- Not Found: /CLodopfuncs.js
2020-08-24 13:53:42,315 [Thread-31:123145332641792] [django.request:228] [WARNING]- Not Found: /CLodopfuncs.js
2020-08-24 15:16:21,726 [Thread-33:123145332641792] [django.request:228] [WARNING]- Not Found: /CLodopfuncs.js
2020-08-24 15:16:21,728 [Thread-34:123145337896960] [django.request:228] [WARNING]- Not Found: /CLodopfuncs.js
2020-08-24 15:16:34,563 [Thread-34:123145337896960] [django.request:228] [WARNING]- Not Found: /CLodopfuncs.js
2020-08-24 15:16:34,564 [Thread-33:123145332641792] [django.request:228] [WARNING]- Not Found: /CLodopfuncs.js
2020-08-24 15:16:44,754 [Thread-34:123145337896960] [django.request:228] [WARNING]- Not Found: /CLodopfuncs.js
2020-08-24 15:16:44,756 [Thread-33:123145332641792] [django.request:228] [WARNING]- Not Found: /CLodopfuncs.js
2020-08-24 16:27:11,206 [Thread-35:123145332641792] [django.request:228] [WARNING]- Not Found: /CLodopfuncs.js
2020-08-24 16:27:11,207 [Thread-36:123145337896960] [django.request:228] [WARNING]- Not Found: /CLodopfuncs.js
2020-08-24 16:29:49,551 [Thread-35:123145332641792] [django.request:228] [WARNING]- Not Found: /CLodopfuncs.js
2020-08-24 16:29:49,553 [Thread-36:123145337896960] [django.request:228] [WARNING]- Not Found: /CLodopfuncs.js
2020-08-24 16:39:04,860 [Thread-37:123145332641792] [django.request:228] [WARNING]- Not Found: /CLodopfuncs.js
2020-08-24 16:39:04,862 [Thread-38:123145337896960] [django.request:228] [WARNING]- Not Found: /CLodopfuncs.js
2020-08-24 19:17:14,156 [Thread-7:123145546039296] [django.request:228] [WARNING]- Not Found: /CLodopfuncs.js
2020-08-24 19:17:14,157 [Thread-8:123145551294464] [django.request:228] [WARNING]- Not Found: /CLodopfuncs.js
2020-08-24 20:06:45,573 [Thread-8:123145560682496] [django.request:228] [WARNING]- Not Found: /favicon.ico
2020-08-24 20:10:09,805 [Thread-4:123145542410240] [django.request:228] [WARNING]- Not Found: /backend/mock/[object Object]
2020-08-24 20:10:11,379 [Thread-4:123145542410240] [django.request:228] [WARNING]- Not Found: /backend/mock/[object Object]
2020-08-24 20:10:13,239 [Thread-4:123145542410240] [django.request:228] [WARNING]- Not Found: /backend/mock/[object Object]
2020-08-24 20:10:21,882 [Thread-4:123145542410240] [django.request:228] [WARNING]- Not Found: /backend/mock/[object Object]
2020-08-24 20:43:50,701 [Thread-11:123145541169152] [django.request:228] [WARNING]- Not Found: /CLodopfuncs.js
2020-08-24 20:43:50,702 [Thread-12:123145546424320] [django.request:228] [WARNING]- Not Found: /CLodopfuncs.js
2020-08-25 10:37:20,889 [Thread-16:123145546424320] [django.request:228] [WARNING]- Not Found: /CLodopfuncs.js
2020-08-25 10:37:20,890 [Thread-15:123145541169152] [django.request:228] [WARNING]- Not Found: /CLodopfuncs.js
2020-08-25 10:38:54,394 [Thread-15:123145541169152] [django.request:228] [WARNING]- Not Found: /CLodopfuncs.js
2020-08-25 10:38:54,396 [Thread-16:123145546424320] [django.request:228] [WARNING]- Not Found: /CLodopfuncs.js
2020-08-25 11:53:21,947 [Thread-17:123145541169152] [django.request:228] [WARNING]- Not Found: /CLodopfuncs.js
2020-08-25 11:53:21,948 [Thread-18:123145546424320] [django.request:228] [WARNING]- Not Found: /CLodopfuncs.js
2020-08-25 13:50:11,015 [Thread-19:123145541169152] [django.request:228] [WARNING]- Not Found: /CLodopfuncs.js
2020-08-25 13:50:11,017 [Thread-20:123145546424320] [django.request:228] [WARNING]- Not Found: /CLodopfuncs.js
2020-08-25 14:40:34,664 [Thread-21:123145541169152] [django.request:228] [WARNING]- Not Found: /CLodopfuncs.js
2020-08-25 14:40:34,666 [Thread-22:123145546424320] [django.request:228] [WARNING]- Not Found: /CLodopfuncs.js
2020-08-25 15:03:26,394 [Thread-24:123145546424320] [django.request:228] [WARNING]- Not Found: /CLodopfuncs.js
2020-08-25 15:03:26,396 [Thread-23:123145541169152] [django.request:228] [WARNING]- Not Found: /CLodopfuncs.js
2020-08-25 16:51:33,035 [Thread-25:123145541169152] [django.request:228] [WARNING]- Not Found: /CLodopfuncs.js
2020-08-25 16:51:33,036 [Thread-26:123145546424320] [django.request:228] [WARNING]- Not Found: /CLodopfuncs.js
2020-08-25 17:36:29,971 [Thread-28:123145546424320] [django.request:228] [WARNING]- Not Found: /CLodopfuncs.js
2020-08-25 17:36:29,972 [Thread-27:123145541169152] [django.request:228] [WARNING]- Not Found: /CLodopfuncs.js
2020-08-25 17:36:50,246 [Thread-27:123145541169152] [django.request:228] [WARNING]- Not Found: /CLodopfuncs.js
2020-08-25 17:36:50,248 [Thread-28:123145546424320] [django.request:228] [WARNING]- Not Found: /CLodopfuncs.js
2020-08-25 17:37:06,773 [Thread-27:123145541169152] [django.request:228] [WARNING]- Not Found: /CLodopfuncs.js
2020-08-25 17:37:06,774 [Thread-28:123145546424320] [django.request:228] [WARNING]- Not Found: /CLodopfuncs.js
2020-08-25 23:25:55,205 [Thread-33:123145546424320] [django.request:228] [WARNING]- Not Found: /CLodopfuncs.js
2020-08-25 23:25:55,207 [Thread-32:123145541169152] [django.request:228] [WARNING]- Not Found: /CLodopfuncs.js
2020-08-26 15:07:52,284 [Thread-2:123145339867136] [django.request:228] [WARNING]- Not Found: /CLodopfuncs.js
2020-08-26 15:07:52,287 [Thread-1:123145334611968] [django.request:228] [WARNING]- Not Found: /CLodopfuncs.js
2020-08-26 15:26:33,278 [Thread-3:123145334611968] [django.request:228] [WARNING]- Not Found: /CLodopfuncs.js
2020-08-26 15:26:33,279 [Thread-4:123145339867136] [django.request:228] [WARNING]- Not Found: /CLodopfuncs.js
2020-08-26 20:14:27,410 [Thread-23:123145454039040] [django.request:228] [WARNING]- Not Found: /CLodopfuncs.js
2020-08-26 20:14:27,411 [Thread-24:123145459294208] [django.request:228] [WARNING]- Not Found: /CLodopfuncs.js
2020-08-27 10:05:53,019 [Thread-25:123145454039040] [django.request:228] [WARNING]- Not Found: /CLodopfuncs.js
2020-08-27 10:05:53,021 [Thread-26:123145459294208] [django.request:228] [WARNING]- Not Found: /CLodopfuncs.js
2020-08-27 10:43:33,818 [Thread-27:123145454039040] [django.request:228] [WARNING]- Not Found: /CLodopfuncs.js
2020-08-27 10:43:33,819 [Thread-28:123145459294208] [django.request:228] [WARNING]- Not Found: /CLodopfuncs.js
2020-08-27 10:53:39,790 [Thread-30:123145459294208] [django.request:228] [WARNING]- Not Found: /CLodopfuncs.js
2020-08-27 10:53:39,792 [Thread-29:123145454039040] [django.request:228] [WARNING]- Not Found: /CLodopfuncs.js
2020-08-27 14:12:36,709 [Thread-31:123145454039040] [django.request:228] [WARNING]- Not Found: /CLodopfuncs.js
2020-08-27 14:12:36,711 [Thread-32:123145459294208] [django.request:228] [WARNING]- Not Found: /CLodopfuncs.js
2020-08-27 14:25:56,708 [Thread-34:123145459294208] [django.request:228] [WARNING]- Not Found: /CLodopfuncs.js
2020-08-27 14:25:56,710 [Thread-33:123145454039040] [django.request:228] [WARNING]- Not Found: /CLodopfuncs.js
2020-08-27 14:46:11,366 [Thread-36:123145459294208] [django.request:228] [WARNING]- Not Found: /CLodopfuncs.js
2020-08-27 14:46:11,368 [Thread-35:123145454039040] [django.request:228] [WARNING]- Not Found: /CLodopfuncs.js
2020-08-27 16:11:56,765 [Thread-37:123145454039040] [django.request:228] [WARNING]- Not Found: /CLodopfuncs.js
2020-08-27 16:11:56,767 [Thread-38:123145459294208] [django.request:228] [WARNING]- Not Found: /CLodopfuncs.js
2020-08-27 16:50:36,258 [Thread-40:123145459294208] [django.request:228] [WARNING]- Not Found: /CLodopfuncs.js
2020-08-27 16:50:36,260 [Thread-39:123145454039040] [django.request:228] [WARNING]- Not Found: /CLodopfuncs.js
2020-08-27 16:51:00,658 [Thread-39:123145454039040] [django.request:228] [WARNING]- Not Found: /CLodopfuncs.js
2020-08-27 16:51:00,660 [Thread-40:123145459294208] [django.request:228] [WARNING]- Not Found: /CLodopfuncs.js
2020-08-27 18:32:19,887 [Thread-41:123145454039040] [django.request:228] [WARNING]- Not Found: /CLodopfuncs.js
2020-08-27 18:32:19,889 [Thread-42:123145459294208] [django.request:228] [WARNING]- Not Found: /CLodopfuncs.js
2020-08-27 19:09:10,459 [Thread-43:123145454039040] [django.request:228] [WARNING]- Not Found: /CLodopfuncs.js
2020-08-27 19:09:10,461 [Thread-44:123145459294208] [django.request:228] [WARNING]- Not Found: /CLodopfuncs.js
2020-08-27 20:47:37,186 [Thread-45:123145454039040] [django.request:228] [WARNING]- Not Found: /CLodopfuncs.js
2020-08-27 20:47:37,187 [Thread-46:123145459294208] [django.request:228] [WARNING]- Not Found: /CLodopfuncs.js
2020-08-28 10:21:46,340 [Thread-53:123145459294208] [django.request:228] [WARNING]- Not Found: /CLodopfuncs.js
2020-08-28 10:21:46,342 [Thread-52:123145454039040] [django.request:228] [WARNING]- Not Found: /CLodopfuncs.js
2020-08-28 13:25:07,836 [Thread-54:123145454039040] [django.request:228] [WARNING]- Not Found: /CLodopfuncs.js
2020-08-28 13:25:07,838 [Thread-55:123145459294208] [django.request:228] [WARNING]- Not Found: /CLodopfuncs.js
2020-08-28 14:58:36,956 [Thread-56:123145454039040] [django.request:228] [WARNING]- Not Found: /CLodopfuncs.js
2020-08-28 14:58:36,957 [Thread-57:123145459294208] [django.request:228] [WARNING]- Not Found: /CLodopfuncs.js
2020-08-28 15:21:04,321 [Thread-59:123145459294208] [django.request:228] [WARNING]- Not Found: /CLodopfuncs.js
2020-08-28 15:21:04,323 [Thread-58:123145454039040] [django.request:228] [WARNING]- Not Found: /CLodopfuncs.js
2020-08-28 16:32:10,026 [Thread-60:123145454039040] [django.request:228] [WARNING]- Not Found: /CLodopfuncs.js
2020-08-28 16:32:10,028 [Thread-61:123145459294208] [django.request:228] [WARNING]- Not Found: /CLodopfuncs.js
2020-08-28 16:33:08,473 [Thread-60:123145454039040] [django.request:228] [WARNING]- Not Found: /CLodopfuncs.js
2020-08-28 16:33:08,475 [Thread-61:123145459294208] [django.request:228] [WARNING]- Not Found: /CLodopfuncs.js
2020-08-28 16:33:25,497 [Thread-60:123145454039040] [django.request:228] [WARNING]- Not Found: /CLodopfuncs.js
2020-08-28 16:33:25,499 [Thread-61:123145459294208] [django.request:228] [WARNING]- Not Found: /CLodopfuncs.js
2020-08-28 16:34:59,551 [Thread-61:123145459294208] [django.request:228] [WARNING]- Not Found: /CLodopfuncs.js
2020-08-28 16:34:59,552 [Thread-60:123145454039040] [django.request:228] [WARNING]- Not Found: /CLodopfuncs.js
2020-08-28 17:03:46,958 [Thread-63:123145459294208] [django.request:228] [WARNING]- Not Found: /CLodopfuncs.js
2020-08-28 17:03:46,959 [Thread-62:123145454039040] [django.request:228] [WARNING]- Not Found: /CLodopfuncs.js
2020-08-28 17:08:04,012 [Thread-62:123145454039040] [django.request:228] [WARNING]- Not Found: /CLodopfuncs.js
2020-08-28 17:08:04,013 [Thread-63:123145459294208] [django.request:228] [WARNING]- Not Found: /CLodopfuncs.js
2020-08-28 17:15:08,851 [Thread-65:123145459294208] [django.request:228] [WARNING]- Not Found: /CLodopfuncs.js
2020-08-28 17:15:08,853 [Thread-64:123145454039040] [django.request:228] [WARNING]- Not Found: /CLodopfuncs.js
2020-08-28 17:31:21,998 [Thread-67:123145459294208] [django.request:228] [WARNING]- Not Found: /CLodopfuncs.js
2020-08-28 17:31:21,999 [Thread-66:123145454039040] [django.request:228] [WARNING]- Not Found: /CLodopfuncs.js
2020-08-28 20:27:50,885 [Thread-71:123145459294208] [django.request:228] [WARNING]- Not Found: /CLodopfuncs.js
2020-08-28 20:27:50,886 [Thread-70:123145454039040] [django.request:228] [WARNING]- Not Found: /CLodopfuncs.js
2020-08-31 14:03:29,617 [Thread-84:123145454039040] [django.request:228] [WARNING]- Not Found: /CLodopfuncs.js
2020-08-31 14:03:29,620 [Thread-85:123145459294208] [django.request:228] [WARNING]- Not Found: /CLodopfuncs.js
2020-08-31 17:39:00,698 [Thread-93:123145454039040] [django.request:228] [WARNING]- Not Found: /CLodopfuncs.js
2020-08-31 17:39:00,700 [Thread-94:123145459294208] [django.request:228] [WARNING]- Not Found: /CLodopfuncs.js
2020-08-31 17:40:29,014 [Thread-93:123145454039040] [django.request:228] [WARNING]- Not Found: /CLodopfuncs.js
2020-08-31 17:40:29,015 [Thread-94:123145459294208] [django.request:228] [WARNING]- Not Found: /CLodopfuncs.js
2020-09-01 11:11:27,292 [Thread-3:123145355718656] [django.request:228] [WARNING]- Not Found: /CLodopfuncs.js
2020-09-01 11:11:27,293 [Thread-4:123145360973824] [django.request:228] [WARNING]- Not Found: /CLodopfuncs.js
2020-09-01 13:27:34,307 [Thread-5:123145345208320] [django.request:228] [WARNING]- Not Found: /CLodopfuncs.js
2020-09-01 13:27:34,308 [Thread-6:123145350463488] [django.request:228] [WARNING]- Not Found: /CLodopfuncs.js
2020-09-01 16:35:14,236 [Thread-8:123145331662848] [django.request:228] [WARNING]- Not Found: /CLodopfuncs.js
2020-09-01 16:35:14,237 [Thread-7:123145326407680] [django.request:228] [WARNING]- Not Found: /CLodopfuncs.js
2020-09-01 18:25:27,770 [Thread-11:123145326407680] [django.request:228] [WARNING]- Not Found: /CLodopfuncs.js
2020-09-01 18:25:27,771 [Thread-12:123145331662848] [django.request:228] [WARNING]- Not Found: /CLodopfuncs.js
2020-09-01 18:37:21,744 [Thread-13:123145326407680] [django.request:228] [WARNING]- Not Found: /CLodopfuncs.js
2020-09-01 18:37:21,745 [Thread-14:123145331662848] [django.request:228] [WARNING]- Not Found: /CLodopfuncs.js
2020-09-01 22:52:58,568 [Thread-15:123145326407680] [django.request:228] [WARNING]- Not Found: /CLodopfuncs.js
2020-09-01 22:52:58,569 [Thread-16:123145331662848] [django.request:228] [WARNING]- Not Found: /CLodopfuncs.js
2020-09-01 23:37:31,281 [Thread-17:123145326407680] [django.request:228] [WARNING]- Not Found: /CLodopfuncs.js
2020-09-01 23:37:31,283 [Thread-18:123145331662848] [django.request:228] [WARNING]- Not Found: /CLodopfuncs.js
2020-09-02 16:24:50,201 [Thread-1:123145461358592] [django.request:228] [ERROR]- Internal Server Error: /backend/task/4/interface/
Traceback (most recent call last):
  File "/Users/zaihui-105/first_class/lib/python3.7/site-packages/django/core/handlers/exception.py", line 34, in inner
    response = get_response(request)
  File "/Users/zaihui-105/first_class/lib/python3.7/site-packages/django/utils/deprecation.py", line 96, in __call__
    response = self.process_response(request, response)
  File "/Users/zaihui-105/first_class/lib/python3.7/site-packages/django/middleware/clickjacking.py", line 26, in process_response
    if response.get('X-Frame-Options') is not None:
AttributeError: 'str' object has no attribute 'get'
2020-09-02 16:26:02,504 [Thread-1:123145461358592] [django.request:228] [ERROR]- Internal Server Error: /backend/task/5/interface/
Traceback (most recent call last):
  File "/Users/zaihui-105/first_class/lib/python3.7/site-packages/django/core/handlers/exception.py", line 34, in inner
    response = get_response(request)
  File "/Users/zaihui-105/first_class/lib/python3.7/site-packages/django/utils/deprecation.py", line 96, in __call__
    response = self.process_response(request, response)
  File "/Users/zaihui-105/first_class/lib/python3.7/site-packages/django/middleware/clickjacking.py", line 26, in process_response
    if response.get('X-Frame-Options') is not None:
AttributeError: 'str' object has no attribute 'get'
